{"numTotalTestSuites":408,"numPassedTestSuites":408,"numFailedTestSuites":0,"numPendingTestSuites":0,"numTotalTests":1082,"numPassedTests":1037,"numFailedTests":0,"numPendingTests":45,"numTodoTests":0,"snapshot":{"added":0,"failure":false,"filesAdded":0,"filesRemoved":0,"filesRemovedList":[],"filesUnmatched":0,"filesUpdated":0,"matched":50,"total":50,"unchecked":0,"uncheckedKeysByFile":[],"unmatched":0,"updated":0,"didUpdate":false},"startTime":1786808897663,"success":true,"testResults":[{"assertionResults":[{"ancestorTitles":["Antigravity → OpenAI"],"fullName":"Antigravity → OpenAI functionResponse + functionCall in same content keeps both","status":"passed","title":"functionResponse + functionCall in same content keeps both","duration":12.512699999999995,"failureMessages":[],"meta":{},"tags":[]},{"ancestorTitles":["Antigravity → OpenAI"],"fullName":"Antigravity → OpenAI functionCall without id keeps a stable matchable id","status":"passed","title":"functionCall without id keeps a stable matchable id","duration":1.623199999999997,"failureMessages":[],"meta":{},"tags":[]},{"ancestorTitles":["Antigravity → OpenAI"],"fullName":"Antigravity → OpenAI signature-only part does not produce empty text","status":"passed","title":"signature-only part does not produce empty text","duration":1.059099999999944,"failureMessages":[],"meta":{},"tags":[]},{"ancestorTitles":["Antigravity → Claude"],"fullName":"Antigravity → Claude tool call input_json_delta includes Anthropic index","status":"passed","title":"tool call input_json_delta includes Anthropic index","duration":5.193899999999985,"failureMessages":[],"meta":{},"tags":[]},{"ancestorTitles":["Antigravity executor"],"fullName":"Antigravity executor strips optional from nested tool schemas","status":"passed","title":"strips optional from nested tool schemas","duration":3.2328999999999724,"failureMessages":[],"meta":{},"tags":[]},{"ancestorTitles":["Antigravity executor"],"fullName":"Antigravity executor does not inject the legacy Antigravity default system prompt for Gemini-backed models","status":"passed","title":"does not inject the legacy Antigravity default system prompt for Gemini-backed models","duration":2.1984999999999673,"failureMessages":[],"meta":{},"tags":[]},{"ancestorTitles":["Antigravity executor"],"fullName":"Antigravity executor does not inject the legacy Antigravity default system prompt for Claude-backed models","status":"passed","title":"does not inject the legacy Antigravity default system prompt for Claude-backed models","duration":2.4646000000000186,"failureMessages":[],"meta":{},"tags":[]}],"startTime":1786808904199,"endTime":1786808904228.4646,"status":"passed","message":"","name":"D:/MyProject/swicth-router/tests/translator/bugs-antigravity.test.js"},{"assertionResults":[{"ancestorTitles":["Claude Code CLI context → OpenAI"],"fullName":"Claude Code CLI context → OpenAI system array keeps all text parts","status":"passed","title":"system array keeps all text parts","duration":12.579500000000053,"failureMessages":[],"meta":{},"tags":[]},{"ancestorTitles":["Claude Code CLI context → OpenAI"],"fullName":"Claude Code CLI context → OpenAI assistant thinking block survives Claude→Claude passthrough","status":"passed","title":"assistant thinking block survives Claude→Claude passthrough","duration":2.3199999999999363,"failureMessages":[],"meta":{},"tags":[]},{"ancestorTitles":["Claude Code CLI context → OpenAI"],"fullName":"Claude Code CLI context → OpenAI redacted_thinking block is not silently dropped","status":"passed","title":"redacted_thinking block is not silently dropped","duration":12.028800000000047,"failureMessages":[],"meta":{},"tags":[]},{"ancestorTitles":["Claude Code CLI context → OpenAI"],"fullName":"Claude Code CLI context → OpenAI tool_result image block is preserved","status":"passed","title":"tool_result image block is preserved","duration":7.284299999999803,"failureMessages":[],"meta":{},"tags":[]}],"startTime":1786808904035,"endTime":1786808904069.2842,"status":"passed","message":"","name":"D:/MyProject/swicth-router/tests/translator/bugs-claudeCode-context.test.js"},{"assertionResults":[{"ancestorTitles":["Codex CLI Responses → OpenAI"],"fullName":"Codex CLI Responses → OpenAI assistant has no empty tool_calls array when all names are empty","status":"passed","title":"assistant has no empty tool_calls array when all names are empty","duration":17.07820000000015,"failureMessages":[],"meta":{},"tags":[]},{"ancestorTitles":["Codex CLI Responses → OpenAI"],"fullName":"Codex CLI Responses → OpenAI function_call arguments end up as a string","status":"passed","title":"function_call arguments end up as a string","duration":8.370099999999866,"failureMessages":[],"meta":{},"tags":[]},{"ancestorTitles":["Codex CLI Responses → OpenAI"],"fullName":"Codex CLI Responses → OpenAI input_image with file_id is not used as a raw url","status":"passed","title":"input_image with file_id is not used as a raw url","duration":5.005200000000059,"failureMessages":[],"meta":{},"tags":[]},{"ancestorTitles":["OpenAI → Codex Responses (reverse)"],"fullName":"OpenAI → Codex Responses (reverse) maps developer messages to Responses API instructions","status":"passed","title":"maps developer messages to Responses API instructions","duration":2.6014999999999873,"failureMessages":[],"meta":{},"tags":[]},{"ancestorTitles":["OpenAI → Codex Responses (reverse)"],"fullName":"OpenAI → Codex Responses (reverse) call_id longer than 64 chars is clamped","status":"passed","title":"call_id longer than 64 chars is clamped","duration":2.0782999999998992,"failureMessages":[],"meta":{},"tags":[]}],"startTime":1786808903848,"endTime":1786808903884.0784,"status":"passed","message":"","name":"D:/MyProject/swicth-router/tests/translator/bugs-codexCli-responses.test.js"},{"assertionResults":[{"ancestorTitles":["OpenAI → Gemini"],"fullName":"OpenAI → Gemini multiple system messages are all kept","status":"passed","title":"multiple system messages are all kept","duration":22.724500000000035,"failureMessages":[],"meta":{},"tags":[]},{"ancestorTitles":["OpenAI → Cursor"],"fullName":"OpenAI → Cursor image content is preserved","status":"passed","title":"image content is preserved","duration":3.707200000000057,"failureMessages":[],"meta":{},"tags":[]},{"ancestorTitles":["OpenAI → Cursor"],"fullName":"OpenAI → Cursor respects client max_tokens","status":"passed","title":"respects client max_tokens","duration":6.2439999999999145,"failureMessages":[],"meta":{},"tags":[]},{"ancestorTitles":["OpenAI → CommandCode"],"fullName":"OpenAI → CommandCode malformed tool arguments are not silently emptied","status":"passed","title":"malformed tool arguments are not silently emptied","duration":4.900100000000066,"failureMessages":[],"meta":{},"tags":[]},{"ancestorTitles":["OpenAI → CommandCode"],"fullName":"OpenAI → CommandCode image content is preserved","status":"passed","title":"image content is preserved","duration":3.111099999999851,"failureMessages":[],"meta":{},"tags":[]}],"startTime":1786808903253,"endTime":1786808903295.111,"status":"passed","message":"","name":"D:/MyProject/swicth-router/tests/translator/bugs-gemini-cursor-commandcode.test.js"},{"assertionResults":[{"ancestorTitles":["bug: Claude → OpenAI bridge data loss"],"fullName":"bug: Claude → OpenAI bridge data loss image with source.type=url is preserved","status":"passed","title":"image with source.type=url is preserved","duration":11.93690000000015,"failureMessages":[],"meta":{},"tags":[]},{"ancestorTitles":["bug: Claude → OpenAI bridge data loss"],"fullName":"bug: Claude → OpenAI bridge data loss thinking block survives round-trip Claude→OpenAI→Claude","status":"passed","title":"thinking block survives round-trip Claude→OpenAI→Claude","duration":2.4300000000000637,"failureMessages":[],"meta":{},"tags":[]},{"ancestorTitles":["bug: Claude → OpenAI bridge data loss"],"fullName":"bug: Claude → OpenAI bridge data loss tool_result with image block is not turned into raw JSON / dropped","status":"passed","title":"tool_result with image block is not turned into raw JSON / dropped","duration":13.50929999999994,"failureMessages":[],"meta":{},"tags":[]},{"ancestorTitles":["bug: Claude → OpenAI bridge data loss"],"fullName":"bug: Claude → OpenAI bridge data loss tool_result is_error flag is preserved","status":"passed","title":"tool_result is_error flag is preserved","duration":8.482899999999972,"failureMessages":[],"meta":{},"tags":[]},{"ancestorTitles":["bug: Claude → OpenAI bridge data loss"],"fullName":"bug: Claude → OpenAI bridge data loss system array non-text parts are not silently dropped","status":"passed","title":"system array non-text parts are not silently dropped","duration":1.7495000000001255,"failureMessages":[],"meta":{},"tags":[]},{"ancestorTitles":["bug: tool_call id stability across bridge"],"fullName":"bug: tool_call id stability across bridge sanitized tool id stays matched between call and result","status":"passed","title":"sanitized tool id stays matched between call and result","duration":1.7005999999998949,"failureMessages":[],"meta":{},"tags":[]},{"ancestorTitles":["bug: empty content message handling"],"fullName":"bug: empty content message handling assistant message with only tool_calls is not dropped","status":"passed","title":"assistant message with only tool_calls is not dropped","duration":1.5266999999998916,"failureMessages":[],"meta":{},"tags":[]}],"startTime":1786808902868,"endTime":1786808902910.5266,"status":"passed","message":"","name":"D:/MyProject/swicth-router/tests/translator/bugs-openai-bridge.test.js"},{"assertionResults":[{"ancestorTitles":["OpenAI → Claude context mapping"],"fullName":"OpenAI → Claude context mapping does not inject Claude Code system prompt for compatible providers","status":"passed","title":"does not inject Claude Code system prompt for compatible providers","duration":27.451999999999998,"failureMessages":[],"meta":{},"tags":[]},{"ancestorTitles":["OpenAI → Claude context mapping"],"fullName":"OpenAI → Claude context mapping assistant reasoning_content becomes a thinking block","status":"passed","title":"assistant reasoning_content becomes a thinking block","duration":7.716099999999869,"failureMessages":[],"meta":{},"tags":[]},{"ancestorTitles":["OpenAI → Claude context mapping"],"fullName":"OpenAI → Claude context mapping tool_choice=none is not turned into auto","status":"passed","title":"tool_choice=none is not turned into auto","duration":4.363100000000031,"failureMessages":[],"meta":{},"tags":[]},{"ancestorTitles":["OpenAI → Claude context mapping"],"fullName":"OpenAI → Claude context mapping input_audio content is preserved","status":"passed","title":"input_audio content is preserved","duration":3.7264999999999873,"failureMessages":[],"meta":{},"tags":[]},{"ancestorTitles":["OpenAI → Claude context mapping"],"fullName":"OpenAI → Claude context mapping remote http image_url is preserved","status":"passed","title":"remote http image_url is preserved","duration":2.9728999999999814,"failureMessages":[],"meta":{},"tags":[]},{"ancestorTitles":["OpenAI → Claude context mapping","max_tokens vs thinking.budget_tokens reconciliation"],"fullName":"OpenAI → Claude context mapping max_tokens vs thinking.budget_tokens reconciliation max effort budget on a 64k model → budget < max_tokens ≤ 64000","status":"passed","title":"max effort budget on a 64k model → budget < max_tokens ≤ 64000","duration":0.9916999999998097,"failureMessages":[],"meta":{},"tags":[]},{"ancestorTitles":["OpenAI → Claude context mapping","max_tokens vs thinking.budget_tokens reconciliation"],"fullName":"OpenAI → Claude context mapping max_tokens vs thinking.budget_tokens reconciliation xhigh budget with a low client max_tokens → raise max_tokens, preserve budget","status":"passed","title":"xhigh budget with a low client max_tokens → raise max_tokens, preserve budget","duration":0.542699999999968,"failureMessages":[],"meta":{},"tags":[]},{"ancestorTitles":["OpenAI → Claude context mapping","max_tokens vs thinking.budget_tokens reconciliation"],"fullName":"OpenAI → Claude context mapping max_tokens vs thinking.budget_tokens reconciliation high budget under max_tokens → both unchanged","status":"passed","title":"high budget under max_tokens → both unchanged","duration":0.5769999999999982,"failureMessages":[],"meta":{},"tags":[]},{"ancestorTitles":["OpenAI → Claude context mapping","max_tokens vs thinking.budget_tokens reconciliation"],"fullName":"OpenAI → Claude context mapping max_tokens vs thinking.budget_tokens reconciliation adaptive thinking (no budget_tokens) is left untouched","status":"passed","title":"adaptive thinking (no budget_tokens) is left untouched","duration":1.7301000000002205,"failureMessages":[],"meta":{},"tags":[]},{"ancestorTitles":["OpenAI → Claude context mapping","max_tokens vs thinking.budget_tokens reconciliation"],"fullName":"OpenAI → Claude context mapping max_tokens vs thinking.budget_tokens reconciliation max effort budget on a 128k model → max_tokens up to 128000, budget preserved just under","status":"passed","title":"max effort budget on a 128k model → max_tokens up to 128000, budget preserved just under","duration":0.7105999999998858,"failureMessages":[],"meta":{},"tags":[]},{"ancestorTitles":["OpenAI → Claude context mapping","max_tokens vs thinking.budget_tokens reconciliation"],"fullName":"OpenAI → Claude context mapping max_tokens vs thinking.budget_tokens reconciliation over-large client max_tokens on a 64k model is still clamped to 64000","status":"passed","title":"over-large client max_tokens on a 64k model is still clamped to 64000","duration":0.4619000000000142,"failureMessages":[],"meta":{},"tags":[]},{"ancestorTitles":["OpenAI → Claude context mapping","max_tokens vs thinking.budget_tokens reconciliation"],"fullName":"OpenAI → Claude context mapping max_tokens vs thinking.budget_tokens reconciliation large client max_tokens on a 128k model is allowed up to maxOutput","status":"passed","title":"large client max_tokens on a 128k model is allowed up to maxOutput","duration":0.4130999999999858,"failureMessages":[],"meta":{},"tags":[]},{"ancestorTitles":["OpenAI → Claude context mapping"],"fullName":"OpenAI → Claude context mapping DeepSeek Claude transport adds a thinking placeholder before tool_use in thinking mode","status":"passed","title":"DeepSeek Claude transport adds a thinking placeholder before tool_use in thinking mode","duration":1.3958999999999833,"failureMessages":[],"meta":{},"tags":[]}],"startTime":1786808902935,"endTime":1786808902989.396,"status":"passed","message":"","name":"D:/MyProject/swicth-router/tests/translator/bugs-toClaude-context.test.js"},{"assertionResults":[{"ancestorTitles":["coverage: every model translates without throwing"],"fullName":"coverage: every model translates without throwing 'anthropic': all models OpenAI→target","status":"passed","title":"'anthropic': all models OpenAI→target","duration":10.26740000000018,"failureMessages":[],"meta":{},"tags":[]},{"ancestorTitles":["coverage: every model translates without throwing"],"fullName":"coverage: every model translates without throwing 'ag': all models OpenAI→target","status":"passed","title":"'ag': all models OpenAI→target","duration":10.77410000000009,"failureMessages":[],"meta":{},"tags":[]},{"ancestorTitles":["coverage: every model translates without throwing"],"fullName":"coverage: every model translates without throwing 'cc': all models OpenAI→target","status":"passed","title":"'cc': all models OpenAI→target","duration":1.9429000000000087,"failureMessages":[],"meta":{},"tags":[]},{"ancestorTitles":["coverage: every model translates without throwing"],"fullName":"coverage: every model translates without throwing 'cx': all models OpenAI→target","status":"passed","title":"'cx': all models OpenAI→target","duration":5.2349999999999,"failureMessages":[],"meta":{},"tags":[]},{"ancestorTitles":["coverage: every model translates without throwing"],"fullName":"coverage: every model translates without throwing 'commandcode': all models OpenAI→target","status":"passed","title":"'commandcode': all models OpenAI→target","duration":12.05749999999989,"failureMessages":[],"meta":{},"tags":[]},{"ancestorTitles":["coverage: every model translates without throwing"],"fullName":"coverage: every model translates without throwing 'cu': all models OpenAI→target","status":"passed","title":"'cu': all models OpenAI→target","duration":5.584299999999985,"failureMessages":[],"meta":{},"tags":[]},{"ancestorTitles":["coverage: every model translates without throwing"],"fullName":"coverage: every model translates without throwing 'deepseek': all models OpenAI→target","status":"passed","title":"'deepseek': all models OpenAI→target","duration":16.639200000000073,"failureMessages":[],"meta":{},"tags":[]},{"ancestorTitles":["coverage: every model translates without throwing"],"fullName":"coverage: every model translates without throwing 'gemini': all models OpenAI→target","status":"passed","title":"'gemini': all models OpenAI→target","duration":4.032399999999825,"failureMessages":[],"meta":{},"tags":[]},{"ancestorTitles":["coverage: every model translates without throwing"],"fullName":"coverage: every model translates without throwing 'gc': all models OpenAI→target","status":"passed","title":"'gc': all models OpenAI→target","duration":17.70640000000003,"failureMessages":[],"meta":{},"tags":[]},{"ancestorTitles":["coverage: every model translates without throwing"],"fullName":"coverage: every model translates without throwing 'gh': all models OpenAI→target","status":"passed","title":"'gh': all models OpenAI→target","duration":7.382200000000012,"failureMessages":[],"meta":{},"tags":[]},{"ancestorTitles":["coverage: every model translates without throwing"],"fullName":"coverage: every model translates without throwing 'glm': all models OpenAI→target","status":"passed","title":"'glm': all models OpenAI→target","duration":9.091399999999794,"failureMessages":[],"meta":{},"tags":[]},{"ancestorTitles":["coverage: every model translates without throwing"],"fullName":"coverage: every model translates without throwing 'gcli': all models OpenAI→target","status":"passed","title":"'gcli': all models OpenAI→target","duration":2.1204999999999927,"failureMessages":[],"meta":{},"tags":[]},{"ancestorTitles":["coverage: every model translates without throwing"],"fullName":"coverage: every model translates without throwing 'grok-web': all models OpenAI→target","status":"passed","title":"'grok-web': all models OpenAI→target","duration":6.896799999999985,"failureMessages":[],"meta":{},"tags":[]},{"ancestorTitles":["coverage: every model translates without throwing"],"fullName":"coverage: every model translates without throwing 'groq': all models OpenAI→target","status":"passed","title":"'groq': all models OpenAI→target","duration":6.416999999999916,"failureMessages":[],"meta":{},"tags":[]},{"ancestorTitles":["coverage: every model translates without throwing"],"fullName":"coverage: every model translates without throwing 'kc': all models OpenAI→target","status":"passed","title":"'kc': all models OpenAI→target","duration":2.2642000000000735,"failureMessages":[],"meta":{},"tags":[]},{"ancestorTitles":["coverage: every model translates without throwing"],"fullName":"coverage: every model translates without throwing 'kimi': all models OpenAI→target","status":"passed","title":"'kimi': all models OpenAI→target","duration":4.976799999999912,"failureMessages":[],"meta":{},"tags":[]},{"ancestorTitles":["coverage: every model translates without throwing"],"fullName":"coverage: every model translates without throwing 'kmc': all models OpenAI→target","status":"passed","title":"'kmc': all models OpenAI→target","duration":4.932299999999941,"failureMessages":[],"meta":{},"tags":[]},{"ancestorTitles":["coverage: every model translates without throwing"],"fullName":"coverage: every model translates without throwing 'minimax': all models OpenAI→target","status":"passed","title":"'minimax': all models OpenAI→target","duration":6.343299999999999,"failureMessages":[],"meta":{},"tags":[]},{"ancestorTitles":["coverage: every model translates without throwing"],"fullName":"coverage: every model translates without throwing 'mistral': all models OpenAI→target","status":"passed","title":"'mistral': all models OpenAI→target","duration":2.7569999999998345,"failureMessages":[],"meta":{},"tags":[]},{"ancestorTitles":["coverage: every model translates without throwing"],"fullName":"coverage: every model translates without throwing 'ollama': all models OpenAI→target","status":"passed","title":"'ollama': all models OpenAI→target","duration":7.266600000000153,"failureMessages":[],"meta":{},"tags":[]},{"ancestorTitles":["coverage: every model translates without throwing"],"fullName":"coverage: every model translates without throwing 'openai': all models OpenAI→target","status":"passed","title":"'openai': all models OpenAI→target","duration":10.05639999999994,"failureMessages":[],"meta":{},"tags":[]},{"ancestorTitles":["coverage: every model translates without throwing"],"fullName":"coverage: every model translates without throwing 'opencode-go': all models OpenAI→target","status":"passed","title":"'opencode-go': all models OpenAI→target","duration":20.96620000000007,"failureMessages":[],"meta":{},"tags":[]},{"ancestorTitles":["coverage: every model translates without throwing"],"fullName":"coverage: every model translates without throwing 'qd': all models OpenAI→target","status":"passed","title":"'qd': all models OpenAI→target","duration":1.0769000000000233,"failureMessages":[],"meta":{},"tags":[]},{"ancestorTitles":["coverage: every model translates without throwing"],"fullName":"coverage: every model translates without throwing 'qw': all models OpenAI→target","status":"passed","title":"'qw': all models OpenAI→target","duration":10.371699999999919,"failureMessages":[],"meta":{},"tags":[]},{"ancestorTitles":["coverage: every model translates without throwing"],"fullName":"coverage: every model translates without throwing 'stepfun': all models OpenAI→target","status":"passed","title":"'stepfun': all models OpenAI→target","duration":8.14729999999986,"failureMessages":[],"meta":{},"tags":[]},{"ancestorTitles":["coverage: every model translates without throwing"],"fullName":"coverage: every model translates without throwing 'xai': all models OpenAI→target","status":"passed","title":"'xai': all models OpenAI→target","duration":2.1142999999999574,"failureMessages":[],"meta":{},"tags":[]},{"ancestorTitles":["coverage: every model translates without throwing"],"fullName":"coverage: every model translates without throwing 'xiaomi-mimo': all models OpenAI→target","status":"passed","title":"'xiaomi-mimo': all models OpenAI→target","duration":4.045699999999897,"failureMessages":[],"meta":{},"tags":[]},{"ancestorTitles":["coverage: every model translates without throwing"],"fullName":"coverage: every model translates without throwing 'xiaomi-tokenplan': all models OpenAI→target","status":"passed","title":"'xiaomi-tokenplan': all models OpenAI→target","duration":4.261600000000044,"failureMessages":[],"meta":{},"tags":[]}],"startTime":1786808901548,"endTime":1786808901755.2617,"status":"passed","message":"","name":"D:/MyProject/swicth-router/tests/translator/coverage-all-models.test.js"},{"assertionResults":[{"ancestorTitles":["roundtrip: Claude source preserves core fields → OpenAI"],"fullName":"roundtrip: Claude source preserves core fields → OpenAI system → system role","status":"passed","title":"system → system role","duration":3.4004999999999654,"failureMessages":[],"meta":{},"tags":[]},{"ancestorTitles":["roundtrip: Claude source preserves core fields → OpenAI"],"fullName":"roundtrip: Claude source preserves core fields → OpenAI tool_use → assistant.tool_calls with matching id","status":"passed","title":"tool_use → assistant.tool_calls with matching id","duration":0.5261000000000422,"failureMessages":[],"meta":{},"tags":[]},{"ancestorTitles":["roundtrip: Claude source preserves core fields → OpenAI"],"fullName":"roundtrip: Claude source preserves core fields → OpenAI tool_result → tool message with matching id","status":"passed","title":"tool_result → tool message with matching id","duration":0.6091000000001259,"failureMessages":[],"meta":{},"tags":[]},{"ancestorTitles":["roundtrip: Claude source preserves core fields → OpenAI"],"fullName":"roundtrip: Claude source preserves core fields → OpenAI tool arguments are valid JSON string","status":"passed","title":"tool arguments are valid JSON string","duration":2.120200000000068,"failureMessages":[],"meta":{},"tags":[]},{"ancestorTitles":["roundtrip: OpenAI tools → Claude → keeps tool name"],"fullName":"roundtrip: OpenAI tools → Claude → keeps tool name tool name survives openai→claude","status":"passed","title":"tool name survives openai→claude","duration":0.489699999999857,"failureMessages":[],"meta":{},"tags":[]},{"ancestorTitles":["roundtrip: parallel tool calls keep distinct ids"],"fullName":"roundtrip: parallel tool calls keep distinct ids two tool_calls, two distinct ids","status":"passed","title":"two tool_calls, two distinct ids","duration":0.4154999999998381,"failureMessages":[],"meta":{},"tags":[]},{"ancestorTitles":["roundtrip: parallel tool calls keep distinct ids"],"fullName":"roundtrip: parallel tool calls keep distinct ids each tool_call has a matching tool result","status":"passed","title":"each tool_call has a matching tool result","duration":0.2838000000001557,"failureMessages":[],"meta":{},"tags":[]}],"startTime":1786808907958,"endTime":1786808907966.4155,"status":"passed","message":"","name":"D:/MyProject/swicth-router/tests/translator/format-roundtrip.test.js"},{"assertionResults":[{"ancestorTitles":["GOLDEN request: OpenAI → Claude"],"fullName":"GOLDEN request: OpenAI → Claude full body (system/image/tool/tool_result)","status":"passed","title":"full body (system/image/tool/tool_result)","duration":14.819799999999987,"failureMessages":[],"meta":{},"tags":[]},{"ancestorTitles":["GOLDEN request: OpenAI → Claude"],"fullName":"GOLDEN request: OpenAI → Claude reasoning_effort → adaptive output_config (claude 4.6+)","status":"passed","title":"reasoning_effort → adaptive output_config (claude 4.6+)","duration":2.6999000000000706,"failureMessages":[],"meta":{},"tags":[]},{"ancestorTitles":["GOLDEN request: OpenAI → Gemini"],"fullName":"GOLDEN request: OpenAI → Gemini full body (system/image/tool/tool_result)","status":"passed","title":"full body (system/image/tool/tool_result)","duration":5.434799999999996,"failureMessages":[],"meta":{},"tags":[]},{"ancestorTitles":["GOLDEN request: OpenAI → Gemini"],"fullName":"GOLDEN request: OpenAI → Gemini Gemini CLI tool requests include validated toolConfig and enough output for high thinking","status":"passed","title":"Gemini CLI tool requests include validated toolConfig and enough output for high thinking","duration":4.934300000000121,"failureMessages":[],"meta":{},"tags":[]}],"startTime":1786808904513,"endTime":1786808904541.9343,"status":"passed","message":"","name":"D:/MyProject/swicth-router/tests/translator/golden-request.test.js"},{"assertionResults":[{"ancestorTitles":["GOLDEN response stream: Claude → OpenAI"],"fullName":"GOLDEN response stream: Claude → OpenAI text + thinking + tool_use + usage + finish","status":"passed","title":"text + thinking + tool_use + usage + finish","duration":10.809500000000071,"failureMessages":[],"meta":{},"tags":[]},{"ancestorTitles":["GOLDEN response stream: Gemini → OpenAI"],"fullName":"GOLDEN response stream: Gemini → OpenAI text + thought(no-sig) + functionCall + usage + finish","status":"passed","title":"text + thought(no-sig) + functionCall + usage + finish","duration":2.6391000000000986,"failureMessages":[],"meta":{},"tags":[]},{"ancestorTitles":["GOLDEN response stream: Gemini → OpenAI"],"fullName":"GOLDEN response stream: Gemini → OpenAI image output (inlineData → delta.images)","status":"passed","title":"image output (inlineData → delta.images)","duration":1.4252999999998792,"failureMessages":[],"meta":{},"tags":[]},{"ancestorTitles":["GOLDEN response stream: Ollama → OpenAI"],"fullName":"GOLDEN response stream: Ollama → OpenAI content + thinking + tool_calls + done usage","status":"passed","title":"content + thinking + tool_calls + done usage","duration":1.878500000000031,"failureMessages":[],"meta":{},"tags":[]},{"ancestorTitles":["GOLDEN response stream: OpenAI-Responses (codex) → OpenAI"],"fullName":"GOLDEN response stream: OpenAI-Responses (codex) → OpenAI text + reasoning + tool_call + completed usage","status":"passed","title":"text + reasoning + tool_call + completed usage","duration":4.720199999999977,"failureMessages":[],"meta":{},"tags":[]},{"ancestorTitles":["GOLDEN response stream: OpenAI-Responses (codex) → OpenAI"],"fullName":"GOLDEN response stream: OpenAI-Responses (codex) → OpenAI error event → error chunk (fallback id/created)","status":"passed","title":"error event → error chunk (fallback id/created)","duration":1.0124000000000706,"failureMessages":[],"meta":{},"tags":[]}],"startTime":1786808905232,"endTime":1786808905255.0125,"status":"passed","message":"","name":"D:/MyProject/swicth-router/tests/translator/golden-response-stream.test.js"},{"assertionResults":[{"ancestorTitles":["GOLDEN response stream: CommandCode → OpenAI"],"fullName":"GOLDEN response stream: CommandCode → OpenAI text + reasoning + tool + finish-step usage","status":"passed","title":"text + reasoning + tool + finish-step usage","duration":11.660399999999981,"failureMessages":[],"meta":{},"tags":[]},{"ancestorTitles":["GOLDEN response stream: Ollama → OpenAI (finish after tool)"],"fullName":"GOLDEN response stream: Ollama → OpenAI (finish after tool) tool_calls then done_reason=stop — lock current finish_reason","status":"passed","title":"tool_calls then done_reason=stop — lock current finish_reason","duration":1.5900000000001455,"failureMessages":[],"meta":{},"tags":[]},{"ancestorTitles":["GOLDEN passthrough: same format = no translation"],"fullName":"GOLDEN passthrough: same format = no translation response openai→openai returns chunk unchanged","status":"passed","title":"response openai→openai returns chunk unchanged","duration":1.3656000000000859,"failureMessages":[],"meta":{},"tags":[]},{"ancestorTitles":["GOLDEN passthrough: same format = no translation"],"fullName":"GOLDEN passthrough: same format = no translation request openai→openai keeps messages (filterToOpenAIFormat normalize)","status":"passed","title":"request openai→openai keeps messages (filterToOpenAIFormat normalize)","duration":5.001700000000028,"failureMessages":[],"meta":{},"tags":[]},{"ancestorTitles":["GOLDEN usage math: Claude prompt = input + cache (lock)"],"fullName":"GOLDEN usage math: Claude prompt = input + cache (lock) prompt_tokens sums input + cache_read + cache_creation","status":"passed","title":"prompt_tokens sums input + cache_read + cache_creation","duration":2.518300000000181,"failureMessages":[],"meta":{},"tags":[]}],"startTime":1786808905093,"endTime":1786808905116.5183,"status":"passed","message":"","name":"D:/MyProject/swicth-router/tests/translator/golden-translator-concerns.test.js"},{"assertionResults":[{"ancestorTitles":["GOLDEN buildUrl (default executor providers)"],"fullName":"GOLDEN buildUrl (default executor providers) anthropic → url (stream + non-stream)","status":"passed","title":"anthropic → url (stream + non-stream)","duration":5.971599999999967,"failureMessages":[],"meta":{},"tags":[]},{"ancestorTitles":["GOLDEN buildUrl (default executor providers)"],"fullName":"GOLDEN buildUrl (default executor providers) claude → url (stream + non-stream)","status":"passed","title":"claude → url (stream + non-stream)","duration":0.7172999999999092,"failureMessages":[],"meta":{},"tags":[]},{"ancestorTitles":["GOLDEN buildUrl (default executor providers)"],"fullName":"GOLDEN buildUrl (default executor providers) deepseek → url (stream + non-stream)","status":"passed","title":"deepseek → url (stream + non-stream)","duration":0.6234999999999218,"failureMessages":[],"meta":{},"tags":[]},{"ancestorTitles":["GOLDEN buildUrl (default executor providers)"],"fullName":"GOLDEN buildUrl (default executor providers) gemini → url (stream + non-stream)","status":"passed","title":"gemini → url (stream + non-stream)","duration":0.4881999999998925,"failureMessages":[],"meta":{},"tags":[]},{"ancestorTitles":["GOLDEN buildUrl (default executor providers)"],"fullName":"GOLDEN buildUrl (default executor providers) glm → url (stream + non-stream)","status":"passed","title":"glm → url (stream + non-stream)","duration":0.491800000000012,"failureMessages":[],"meta":{},"tags":[]},{"ancestorTitles":["GOLDEN buildUrl (default executor providers)"],"fullName":"GOLDEN buildUrl (default executor providers) grok-cli → url (stream + non-stream)","status":"passed","title":"grok-cli → url (stream + non-stream)","duration":0.34339999999997417,"failureMessages":[],"meta":{},"tags":[]},{"ancestorTitles":["GOLDEN buildUrl (default executor providers)"],"fullName":"GOLDEN buildUrl (default executor providers) groq → url (stream + non-stream)","status":"passed","title":"groq → url (stream + non-stream)","duration":0.39189999999996417,"failureMessages":[],"meta":{},"tags":[]},{"ancestorTitles":["GOLDEN buildUrl (default executor providers)"],"fullName":"GOLDEN buildUrl (default executor providers) kilocode → url (stream + non-stream)","status":"passed","title":"kilocode → url (stream + non-stream)","duration":0.3675999999999249,"failureMessages":[],"meta":{},"tags":[]},{"ancestorTitles":["GOLDEN buildUrl (default executor providers)"],"fullName":"GOLDEN buildUrl (default executor providers) kimi → url (stream + non-stream)","status":"passed","title":"kimi → url (stream + non-stream)","duration":0.43420000000003256,"failureMessages":[],"meta":{},"tags":[]},{"ancestorTitles":["GOLDEN buildUrl (default executor providers)"],"fullName":"GOLDEN buildUrl (default executor providers) kimi-coding → url (stream + non-stream)","status":"passed","title":"kimi-coding → url (stream + non-stream)","duration":0.6940000000000737,"failureMessages":[],"meta":{},"tags":[]},{"ancestorTitles":["GOLDEN buildUrl (default executor providers)"],"fullName":"GOLDEN buildUrl (default executor providers) minimax → url (stream + non-stream)","status":"passed","title":"minimax → url (stream + non-stream)","duration":0.525600000000054,"failureMessages":[],"meta":{},"tags":[]},{"ancestorTitles":["GOLDEN buildUrl (default executor providers)"],"fullName":"GOLDEN buildUrl (default executor providers) mistral → url (stream + non-stream)","status":"passed","title":"mistral → url (stream + non-stream)","duration":0.3149999999999409,"failureMessages":[],"meta":{},"tags":[]},{"ancestorTitles":["GOLDEN buildUrl (default executor providers)"],"fullName":"GOLDEN buildUrl (default executor providers) ollama → url (stream + non-stream)","status":"passed","title":"ollama → url (stream + non-stream)","duration":0.2577999999999747,"failureMessages":[],"meta":{},"tags":[]},{"ancestorTitles":["GOLDEN buildUrl (default executor providers)"],"fullName":"GOLDEN buildUrl (default executor providers) openai → url (stream + non-stream)","status":"passed","title":"openai → url (stream + non-stream)","duration":0.2479000000000724,"failureMessages":[],"meta":{},"tags":[]},{"ancestorTitles":["GOLDEN buildUrl (default executor providers)"],"fullName":"GOLDEN buildUrl (default executor providers) openrouter → url (stream + non-stream)","status":"passed","title":"openrouter → url (stream + non-stream)","duration":0.25240000000007967,"failureMessages":[],"meta":{},"tags":[]},{"ancestorTitles":["GOLDEN buildUrl (default executor providers)"],"fullName":"GOLDEN buildUrl (default executor providers) stepfun → url (stream + non-stream)","status":"passed","title":"stepfun → url (stream + non-stream)","duration":0.2615000000000691,"failureMessages":[],"meta":{},"tags":[]},{"ancestorTitles":["GOLDEN buildUrl (default executor providers)"],"fullName":"GOLDEN buildUrl (default executor providers) vilao → url (stream + non-stream)","status":"passed","title":"vilao → url (stream + non-stream)","duration":0.22509999999999764,"failureMessages":[],"meta":{},"tags":[]},{"ancestorTitles":["GOLDEN buildUrl (default executor providers)"],"fullName":"GOLDEN buildUrl (default executor providers) xai → url (stream + non-stream)","status":"passed","title":"xai → url (stream + non-stream)","duration":0.24459999999999127,"failureMessages":[],"meta":{},"tags":[]},{"ancestorTitles":["GOLDEN buildUrl (default executor providers)"],"fullName":"GOLDEN buildUrl (default executor providers) xiaomi-mimo → url (stream + non-stream)","status":"passed","title":"xiaomi-mimo → url (stream + non-stream)","duration":0.2865000000000464,"failureMessages":[],"meta":{},"tags":[]},{"ancestorTitles":["GOLDEN buildHeaders (default executor providers)"],"fullName":"GOLDEN buildHeaders (default executor providers) anthropic → headers (apiKey / oauth)","status":"passed","title":"anthropic → headers (apiKey / oauth)","duration":2.3478999999999814,"failureMessages":[],"meta":{},"tags":[]},{"ancestorTitles":["GOLDEN buildHeaders (default executor providers)"],"fullName":"GOLDEN buildHeaders (default executor providers) claude → headers (apiKey / oauth)","status":"passed","title":"claude → headers (apiKey / oauth)","duration":1.2776000000000067,"failureMessages":[],"meta":{},"tags":[]},{"ancestorTitles":["GOLDEN buildHeaders (default executor providers)"],"fullName":"GOLDEN buildHeaders (default executor providers) deepseek → headers (apiKey / oauth)","status":"passed","title":"deepseek → headers (apiKey / oauth)","duration":0.5065000000000737,"failureMessages":[],"meta":{},"tags":[]},{"ancestorTitles":["GOLDEN buildHeaders (default executor providers)"],"fullName":"GOLDEN buildHeaders (default executor providers) gemini → headers (apiKey / oauth)","status":"passed","title":"gemini → headers (apiKey / oauth)","duration":0.5460000000000491,"failureMessages":[],"meta":{},"tags":[]},{"ancestorTitles":["GOLDEN buildHeaders (default executor providers)"],"fullName":"GOLDEN buildHeaders (default executor providers) glm → headers (apiKey / oauth)","status":"passed","title":"glm → headers (apiKey / oauth)","duration":0.429300000000012,"failureMessages":[],"meta":{},"tags":[]},{"ancestorTitles":["GOLDEN buildHeaders (default executor providers)"],"fullName":"GOLDEN buildHeaders (default executor providers) grok-cli → headers (apiKey / oauth)","status":"passed","title":"grok-cli → headers (apiKey / oauth)","duration":0.4655999999999949,"failureMessages":[],"meta":{},"tags":[]},{"ancestorTitles":["GOLDEN buildHeaders (default executor providers)"],"fullName":"GOLDEN buildHeaders (default executor providers) groq → headers (apiKey / oauth)","status":"passed","title":"groq → headers (apiKey / oauth)","duration":0.356899999999996,"failureMessages":[],"meta":{},"tags":[]},{"ancestorTitles":["GOLDEN buildHeaders (default executor providers)"],"fullName":"GOLDEN buildHeaders (default executor providers) kilocode → headers (apiKey / oauth)","status":"passed","title":"kilocode → headers (apiKey / oauth)","duration":0.43280000000004293,"failureMessages":[],"meta":{},"tags":[]},{"ancestorTitles":["GOLDEN buildHeaders (default executor providers)"],"fullName":"GOLDEN buildHeaders (default executor providers) kimi → headers (apiKey / oauth)","status":"passed","title":"kimi → headers (apiKey / oauth)","duration":0.3664999999999736,"failureMessages":[],"meta":{},"tags":[]},{"ancestorTitles":["GOLDEN buildHeaders (default executor providers)"],"fullName":"GOLDEN buildHeaders (default executor providers) kimi-coding → headers (apiKey / oauth)","status":"passed","title":"kimi-coding → headers (apiKey / oauth)","duration":0.7621000000000322,"failureMessages":[],"meta":{},"tags":[]},{"ancestorTitles":["GOLDEN buildHeaders (default executor providers)"],"fullName":"GOLDEN buildHeaders (default executor providers) minimax → headers (apiKey / oauth)","status":"passed","title":"minimax → headers (apiKey / oauth)","duration":0.5101000000000795,"failureMessages":[],"meta":{},"tags":[]},{"ancestorTitles":["GOLDEN buildHeaders (default executor providers)"],"fullName":"GOLDEN buildHeaders (default executor providers) mistral → headers (apiKey / oauth)","status":"passed","title":"mistral → headers (apiKey / oauth)","duration":0.4559000000000424,"failureMessages":[],"meta":{},"tags":[]},{"ancestorTitles":["GOLDEN buildHeaders (default executor providers)"],"fullName":"GOLDEN buildHeaders (default executor providers) ollama → headers (apiKey / oauth)","status":"passed","title":"ollama → headers (apiKey / oauth)","duration":0.30709999999999127,"failureMessages":[],"meta":{},"tags":[]},{"ancestorTitles":["GOLDEN buildHeaders (default executor providers)"],"fullName":"GOLDEN buildHeaders (default executor providers) openai → headers (apiKey / oauth)","status":"passed","title":"openai → headers (apiKey / oauth)","duration":0.48479999999995016,"failureMessages":[],"meta":{},"tags":[]},{"ancestorTitles":["GOLDEN buildHeaders (default executor providers)"],"fullName":"GOLDEN buildHeaders (default executor providers) openrouter → headers (apiKey / oauth)","status":"passed","title":"openrouter → headers (apiKey / oauth)","duration":0.463100000000054,"failureMessages":[],"meta":{},"tags":[]},{"ancestorTitles":["GOLDEN buildHeaders (default executor providers)"],"fullName":"GOLDEN buildHeaders (default executor providers) stepfun → headers (apiKey / oauth)","status":"passed","title":"stepfun → headers (apiKey / oauth)","duration":0.37630000000001473,"failureMessages":[],"meta":{},"tags":[]},{"ancestorTitles":["GOLDEN buildHeaders (default executor providers)"],"fullName":"GOLDEN buildHeaders (default executor providers) vilao → headers (apiKey / oauth)","status":"passed","title":"vilao → headers (apiKey / oauth)","duration":0.29349999999999454,"failureMessages":[],"meta":{},"tags":[]},{"ancestorTitles":["GOLDEN buildHeaders (default executor providers)"],"fullName":"GOLDEN buildHeaders (default executor providers) xai → headers (apiKey / oauth)","status":"passed","title":"xai → headers (apiKey / oauth)","duration":0.26940000000001874,"failureMessages":[],"meta":{},"tags":[]},{"ancestorTitles":["GOLDEN buildHeaders (default executor providers)"],"fullName":"GOLDEN buildHeaders (default executor providers) xiaomi-mimo → headers (apiKey / oauth)","status":"passed","title":"xiaomi-mimo → headers (apiKey / oauth)","duration":0.25490000000002055,"failureMessages":[],"meta":{},"tags":[]}],"startTime":1786808903749,"endTime":1786808903774.2935,"status":"passed","message":"","name":"D:/MyProject/swicth-router/tests/translator/golden-url-header.test.js"},{"assertionResults":[{"ancestorTitles":["parseSuffix"],"fullName":"parseSuffix parses level suffix","status":"passed","title":"parses level suffix","duration":4.263400000000047,"failureMessages":[],"meta":{},"tags":[]},{"ancestorTitles":["parseSuffix"],"fullName":"parseSuffix parses numeric budget suffix","status":"passed","title":"parses numeric budget suffix","duration":0.5844999999999345,"failureMessages":[],"meta":{},"tags":[]},{"ancestorTitles":["parseSuffix"],"fullName":"parseSuffix parses auto / none","status":"passed","title":"parses auto / none","duration":0.4175000000000182,"failureMessages":[],"meta":{},"tags":[]},{"ancestorTitles":["parseSuffix"],"fullName":"parseSuffix no suffix → passthrough","status":"passed","title":"no suffix → passthrough","duration":0.4156000000000404,"failureMessages":[],"meta":{},"tags":[]},{"ancestorTitles":["extractThinking"],"fullName":"extractThinking claude enabled+budget","status":"passed","title":"claude enabled+budget","duration":0.6516000000000304,"failureMessages":[],"meta":{},"tags":[]},{"ancestorTitles":["extractThinking"],"fullName":"extractThinking claude disabled","status":"passed","title":"claude disabled","duration":0.34950000000003456,"failureMessages":[],"meta":{},"tags":[]},{"ancestorTitles":["extractThinking"],"fullName":"extractThinking openai reasoning_effort","status":"passed","title":"openai reasoning_effort","duration":0.44700000000000273,"failureMessages":[],"meta":{},"tags":[]},{"ancestorTitles":["extractThinking"],"fullName":"extractThinking responses reasoning.effort none","status":"passed","title":"responses reasoning.effort none","duration":0.38600000000008095,"failureMessages":[],"meta":{},"tags":[]},{"ancestorTitles":["extractThinking"],"fullName":"extractThinking gemini thinkingBudget 0 → none","status":"passed","title":"gemini thinkingBudget 0 → none","duration":0.4456000000000131,"failureMessages":[],"meta":{},"tags":[]},{"ancestorTitles":["extractThinking"],"fullName":"extractThinking qwen enable_thinking false","status":"passed","title":"qwen enable_thinking false","duration":0.4864000000000033,"failureMessages":[],"meta":{},"tags":[]},{"ancestorTitles":["extractThinking"],"fullName":"extractThinking no intent → null","status":"passed","title":"no intent → null","duration":0.31169999999997344,"failureMessages":[],"meta":{},"tags":[]},{"ancestorTitles":["applyThinking per provider format"],"fullName":"applyThinking per provider format claude 4.6+ → adaptive thinking + output_config (no budget_tokens)","status":"passed","title":"claude 4.6+ → adaptive thinking + output_config (no budget_tokens)","duration":0.9874999999999545,"failureMessages":[],"meta":{},"tags":[]},{"ancestorTitles":["applyThinking per provider format"],"fullName":"applyThinking per provider format claude haiku → enabled+budget","status":"passed","title":"claude haiku → enabled+budget","duration":1.1598000000000184,"failureMessages":[],"meta":{},"tags":[]},{"ancestorTitles":["applyThinking per provider format"],"fullName":"applyThinking per provider format gemini-3 → thinkingLevel","status":"passed","title":"gemini-3 → thinkingLevel","duration":1.429200000000037,"failureMessages":[],"meta":{},"tags":[]},{"ancestorTitles":["applyThinking per provider format"],"fullName":"applyThinking per provider format gemini-3 clamps unsupported max/xhigh thinking levels to high","status":"passed","title":"gemini-3 clamps unsupported max/xhigh thinking levels to high","duration":3.1707999999999856,"failureMessages":[],"meta":{},"tags":[]},{"ancestorTitles":["applyThinking per provider format"],"fullName":"applyThinking per provider format gemini-3 maps auto thinking level to high instead of sending unsupported auto","status":"passed","title":"gemini-3 maps auto thinking level to high instead of sending unsupported auto","duration":0.5723000000000411,"failureMessages":[],"meta":{},"tags":[]},{"ancestorTitles":["applyThinking per provider format"],"fullName":"applyThinking per provider format gemini-3 high thinking raises too-small maxOutputTokens","status":"passed","title":"gemini-3 high thinking raises too-small maxOutputTokens","duration":0.7278999999999769,"failureMessages":[],"meta":{},"tags":[]},{"ancestorTitles":["applyThinking per provider format"],"fullName":"applyThinking per provider format gemini-2.5 → thinkingBudget","status":"passed","title":"gemini-2.5 → thinkingBudget","duration":1.0072999999999865,"failureMessages":[],"meta":{},"tags":[]},{"ancestorTitles":["applyThinking per provider format"],"fullName":"applyThinking per provider format gemini-2.5 budget thinking keeps enough room for answer tokens","status":"passed","title":"gemini-2.5 budget thinking keeps enough room for answer tokens","duration":0.7346999999999753,"failureMessages":[],"meta":{},"tags":[]},{"ancestorTitles":["applyThinking per provider format"],"fullName":"applyThinking per provider format GLM off → enable_thinking:false (not thinking.disabled)","status":"passed","title":"GLM off → enable_thinking:false (not thinking.disabled)","duration":2.9973999999999705,"failureMessages":[],"meta":{},"tags":[]},{"ancestorTitles":["applyThinking per provider format"],"fullName":"applyThinking per provider format Qwen on → enable_thinking + thinking_budget","status":"passed","title":"Qwen on → enable_thinking + thinking_budget","duration":1.0496999999999161,"failureMessages":[],"meta":{},"tags":[]},{"ancestorTitles":["applyThinking per provider format"],"fullName":"applyThinking per provider format QwQ cannot disable → clamp minimal","status":"passed","title":"QwQ cannot disable → clamp minimal","duration":1.3292999999999893,"failureMessages":[],"meta":{},"tags":[]},{"ancestorTitles":["applyThinking per provider format"],"fullName":"applyThinking per provider format DeepSeek → enabled + reasoning_effort high (low→high)","status":"passed","title":"DeepSeek → enabled + reasoning_effort high (low→high)","duration":1.6728999999999132,"failureMessages":[],"meta":{},"tags":[]},{"ancestorTitles":["applyThinking per provider format"],"fullName":"applyThinking per provider format Kimi on → reasoning_effort","status":"passed","title":"Kimi on → reasoning_effort","duration":1.1597000000000435,"failureMessages":[],"meta":{},"tags":[]},{"ancestorTitles":["applyThinking per provider format"],"fullName":"applyThinking per provider format Kimi auto → supported reasoning_effort","status":"passed","title":"Kimi auto → supported reasoning_effort","duration":1.0580999999999676,"failureMessages":[],"meta":{},"tags":[]},{"ancestorTitles":["applyThinking per provider format"],"fullName":"applyThinking per provider format Kimi unsupported OpenAI levels → supported reasoning_effort","status":"passed","title":"Kimi unsupported OpenAI levels → supported reasoning_effort","duration":1.8798000000000457,"failureMessages":[],"meta":{},"tags":[]},{"ancestorTitles":["applyThinking per provider format"],"fullName":"applyThinking per provider format MiniMax M3 → adaptive","status":"passed","title":"MiniMax M3 → adaptive","duration":1.6007000000000744,"failureMessages":[],"meta":{},"tags":[]},{"ancestorTitles":["applyThinking per provider format"],"fullName":"applyThinking per provider format non-reasoning model → strips thinking","status":"passed","title":"non-reasoning model → strips thinking","duration":0.43010000000003856,"failureMessages":[],"meta":{},"tags":[]},{"ancestorTitles":["applyThinking per provider format"],"fullName":"applyThinking per provider format suffix overrides body","status":"passed","title":"suffix overrides body","duration":0.5399999999999636,"failureMessages":[],"meta":{},"tags":[]},{"ancestorTitles":["applyThinking per provider format"],"fullName":"applyThinking per provider format openai keeps xhigh for reasoning models","status":"passed","title":"openai keeps xhigh for reasoning models","duration":0.4715999999999667,"failureMessages":[],"meta":{},"tags":[]},{"ancestorTitles":["extractReasoningText (response shapes)"],"fullName":"extractReasoningText (response shapes) reasoning_content (GLM/Qwen/DeepSeek)","status":"passed","title":"reasoning_content (GLM/Qwen/DeepSeek)","duration":0.25900000000001455,"failureMessages":[],"meta":{},"tags":[]},{"ancestorTitles":["extractReasoningText (response shapes)"],"fullName":"extractReasoningText (response shapes) reasoning fallback","status":"passed","title":"reasoning fallback","duration":0.1311999999999216,"failureMessages":[],"meta":{},"tags":[]},{"ancestorTitles":["extractReasoningText (response shapes)"],"fullName":"extractReasoningText (response shapes) reasoning_details[] (MiniMax split)","status":"passed","title":"reasoning_details[] (MiniMax split)","duration":0.16840000000001965,"failureMessages":[],"meta":{},"tags":[]},{"ancestorTitles":["extractReasoningText (response shapes)"],"fullName":"extractReasoningText (response shapes) no reasoning → empty","status":"passed","title":"no reasoning → empty","duration":0.1190000000000282,"failureMessages":[],"meta":{},"tags":[]}],"startTime":1786808903405,"endTime":1786808903439.259,"status":"passed","message":"","name":"D:/MyProject/swicth-router/tests/translator/thinking-unified.test.js"},{"assertionResults":[{"ancestorTitles":["aizenConfig helpers"],"fullName":"aizenConfig helpers masks api keys","status":"passed","title":"masks api keys","duration":3.2630000000000337,"failureMessages":[],"meta":{},"tags":[]},{"ancestorTitles":["aizenConfig helpers"],"fullName":"aizenConfig helpers endpointMatchFromUrl detects loopback","status":"passed","title":"endpointMatchFromUrl detects loopback","duration":0.8589000000000624,"failureMessages":[],"meta":{},"tags":[]},{"ancestorTitles":["aizenConfig helpers"],"fullName":"aizenConfig helpers diskConfigToDashboard never leaks raw key","status":"passed","title":"diskConfigToDashboard never leaks raw key","duration":1.2732999999999493,"failureMessages":[],"meta":{},"tags":[]},{"ancestorTitles":["aizenConfig helpers"],"fullName":"aizenConfig helpers mergeDashboardIntoDisk upserts Switch-Router profile for local endpoint","status":"passed","title":"mergeDashboardIntoDisk upserts Switch-Router profile for local endpoint","duration":1.8781000000000176,"failureMessages":[],"meta":{},"tags":[]}],"startTime":1786808907580,"endTime":1786808907587.8782,"status":"passed","message":"","name":"D:/MyProject/swicth-router/tests/unit/aizen-config.test.js"},{"assertionResults":[{"ancestorTitles":["Antigravity cache behavior (real API)"],"fullName":"Antigravity cache behavior (real API) has at least one active AG connection with refreshToken","status":"skipped","title":"has at least one active AG connection with refreshToken","failureMessages":[],"meta":{},"tags":[]},{"ancestorTitles":["Antigravity cache behavior (real API)"],"fullName":"Antigravity cache behavior (real API) same sessionId → cache hit on repeated call","status":"skipped","title":"same sessionId → cache hit on repeated call","failureMessages":[],"meta":{},"tags":[]},{"ancestorTitles":["Antigravity cache behavior (real API)"],"fullName":"Antigravity cache behavior (real API) different sessionId (same account) → cache still hits (session-independent)","status":"skipped","title":"different sessionId (same account) → cache still hits (session-independent)","failureMessages":[],"meta":{},"tags":[]},{"ancestorTitles":["Antigravity cache behavior (real API)"],"fullName":"Antigravity cache behavior (real API) cross-account → cache SHARED (content-based global cache)","status":"skipped","title":"cross-account → cache SHARED (content-based global cache)","failureMessages":[],"meta":{},"tags":[]},{"ancestorTitles":["Antigravity cache behavior (real API)"],"fullName":"Antigravity cache behavior (real API) codex-style sessionId vs random sessionId on unique prompt","status":"skipped","title":"codex-style sessionId vs random sessionId on unique prompt","failureMessages":[],"meta":{},"tags":[]},{"ancestorTitles":["Antigravity cache behavior (real API)"],"fullName":"Antigravity cache behavior (real API) unique prompt (never seen) → explore when cache starts hitting","status":"skipped","title":"unique prompt (never seen) → explore when cache starts hitting","failureMessages":[],"meta":{},"tags":[]}],"startTime":1786808897663,"endTime":1786808897663,"status":"passed","message":"","name":"D:/MyProject/swicth-router/tests/unit/antigravity-cache.test.js"},{"assertionResults":[{"ancestorTitles":["antigravity oauth client (deduped)"],"fullName":"antigravity oauth client (deduped) shared source holds the canonical credentials","status":"passed","title":"shared source holds the canonical credentials","duration":8.066400000000044,"failureMessages":[],"meta":{},"tags":[]},{"ancestorTitles":["antigravity oauth client (deduped)"],"fullName":"antigravity oauth client (deduped) registry transport keeps clientId/clientSecret","status":"passed","title":"registry transport keeps clientId/clientSecret","duration":7.8822999999999865,"failureMessages":[],"meta":{},"tags":[]},{"ancestorTitles":["antigravity oauth client (deduped)"],"fullName":"antigravity oauth client (deduped) google client shared by gemini + gemini-cli","status":"passed","title":"google client shared by gemini + gemini-cli","duration":23.57579999999996,"failureMessages":[],"meta":{},"tags":[]},{"ancestorTitles":["antigravity oauth client (deduped)"],"fullName":"antigravity oauth client (deduped) src oauth.js imports shared client + keeps full shape","status":"passed","title":"src oauth.js imports shared client + keeps full shape","duration":2.3006000000000313,"failureMessages":[],"meta":{},"tags":[]}],"startTime":1786808903870,"endTime":1786808903912.3005,"status":"passed","message":"","name":"D:/MyProject/swicth-router/tests/unit/antigravity-oauth-client.test.js"},{"assertionResults":[{"ancestorTitles":["antigravity requires real Cloud Code projectId"],"fullName":"antigravity requires real Cloud Code projectId does not call generateProjectId as generate fallback","status":"passed","title":"does not call generateProjectId as generate fallback","duration":3.169300000000021,"failureMessages":[],"meta":{},"tags":[]},{"ancestorTitles":["antigravity requires real Cloud Code projectId"],"fullName":"antigravity requires real Cloud Code projectId oauth onboard runs when projectId is missing","status":"passed","title":"oauth onboard runs when projectId is missing","duration":0.4714000000000169,"failureMessages":[],"meta":{},"tags":[]},{"ancestorTitles":["antigravity requires real Cloud Code projectId"],"fullName":"antigravity requires real Cloud Code projectId chat fails closed when antigravity project cannot be resolved","status":"passed","title":"chat fails closed when antigravity project cannot be resolved","duration":0.3795000000000073,"failureMessages":[],"meta":{},"tags":[]}],"startTime":1786808907989,"endTime":1786808907993.3794,"status":"passed","message":"","name":"D:/MyProject/swicth-router/tests/unit/antigravity-project-required.test.js"},{"assertionResults":[{"ancestorTitles":["antigravity computeRetryDelay hook (D3)"],"fullName":"antigravity computeRetryDelay hook (D3) uses Retry-After header (seconds → ms) when within cap","status":"passed","title":"uses Retry-After header (seconds → ms) when within cap","duration":3.348700000000008,"failureMessages":[],"meta":{},"tags":[]},{"ancestorTitles":["antigravity computeRetryDelay hook (D3)"],"fullName":"antigravity computeRetryDelay hook (D3) vetoes (false) when Retry-After exceeds cap","status":"passed","title":"vetoes (false) when Retry-After exceeds cap","duration":0.5844999999999345,"failureMessages":[],"meta":{},"tags":[]},{"ancestorTitles":["antigravity computeRetryDelay hook (D3)"],"fullName":"antigravity computeRetryDelay hook (D3) parses retry time from error body when no header","status":"passed","title":"parses retry time from error body when no header","duration":0.6959000000000515,"failureMessages":[],"meta":{},"tags":[]},{"ancestorTitles":["antigravity computeRetryDelay hook (D3)"],"fullName":"antigravity computeRetryDelay hook (D3) exponential backoff for 429 when no retry info","status":"passed","title":"exponential backoff for 429 when no retry info","duration":0.538599999999974,"failureMessages":[],"meta":{},"tags":[]},{"ancestorTitles":["antigravity computeRetryDelay hook (D3)"],"fullName":"antigravity computeRetryDelay hook (D3) 503 without retry info → transient backoff","status":"passed","title":"503 without retry info → transient backoff","duration":0.5072000000000116,"failureMessages":[],"meta":{},"tags":[]},{"ancestorTitles":["antigravity computeRetryDelay hook (D3)"],"fullName":"antigravity computeRetryDelay hook (D3) retries Antigravity agent terminated body even when status is not 429","status":"passed","title":"retries Antigravity agent terminated body even when status is not 429","duration":0.47630000000003747,"failureMessages":[],"meta":{},"tags":[]},{"ancestorTitles":["antigravity computeRetryDelay hook (D3)"],"fullName":"antigravity computeRetryDelay hook (D3) retries high traffic body","status":"passed","title":"retries high traffic body","duration":0.27940000000000964,"failureMessages":[],"meta":{},"tags":[]},{"ancestorTitles":["antigravity computeRetryDelay hook (D3)"],"fullName":"antigravity computeRetryDelay hook (D3) does not retry non-transient 400 errors","status":"passed","title":"does not retry non-transient 400 errors","duration":0.6141999999999825,"failureMessages":[],"meta":{},"tags":[]},{"ancestorTitles":["antigravity computeRetryDelay hook (D3)"],"fullName":"antigravity computeRetryDelay hook (D3) deduplicates sanitized tool names","status":"passed","title":"deduplicates sanitized tool names","duration":5.37639999999999,"failureMessages":[],"meta":{},"tags":[]},{"ancestorTitles":["antigravity computeRetryDelay hook (D3)"],"fullName":"antigravity computeRetryDelay hook (D3) registry uses the official IDE cloudcode host and user agent","status":"passed","title":"registry uses the official IDE cloudcode host and user agent","duration":0.9659000000000333,"failureMessages":[],"meta":{},"tags":[]},{"ancestorTitles":["antigravity computeRetryDelay hook (D3)"],"fullName":"antigravity computeRetryDelay hook (D3) buildHeaders matches official IDE stream headers","status":"passed","title":"buildHeaders matches official IDE stream headers","duration":1.9583000000000084,"failureMessages":[],"meta":{},"tags":[]},{"ancestorTitles":["antigravity computeRetryDelay hook (D3)"],"fullName":"antigravity computeRetryDelay hook (D3) transforms chat requests with official IDE requestId shape and 64000 token cap","status":"passed","title":"transforms chat requests with official IDE requestId shape and 64000 token cap","duration":0.9081999999999653,"failureMessages":[],"meta":{},"tags":[]}],"startTime":1786808905009,"endTime":1786808905025.9082,"status":"passed","message":"","name":"D:/MyProject/swicth-router/tests/unit/antigravity-retry-hook.test.js"},{"assertionResults":[{"ancestorTitles":["Antigravity usage headers"],"fullName":"Antigravity usage headers uses the official IDE user agent and omits router-only source headers","status":"passed","title":"uses the official IDE user agent and omits router-only source headers","duration":235.0093,"failureMessages":[],"meta":{},"tags":[]}],"startTime":1786808900103,"endTime":1786808900338.0093,"status":"passed","message":"","name":"D:/MyProject/swicth-router/tests/unit/antigravity-usage-headers.test.js"},{"assertionResults":[{"ancestorTitles":["BaseExecutor.execute — retry by status (config-driven)"],"fullName":"BaseExecutor.execute — retry by status (config-driven) retries 502 `attempts` times then succeeds","status":"passed","title":"retries 502 `attempts` times then succeeds","duration":48.4534000000001,"failureMessages":[],"meta":{},"tags":[]},{"ancestorTitles":["BaseExecutor.execute — retry by status (config-driven)"],"fullName":"BaseExecutor.execute — retry by status (config-driven) stops after exhausting 502 attempts on a single url and throws","status":"passed","title":"stops after exhausting 502 attempts on a single url and throws","duration":20.820699999999988,"failureMessages":[],"meta":{},"tags":[]},{"ancestorTitles":["BaseExecutor.execute — baseUrls fallback"],"fullName":"BaseExecutor.execute — baseUrls fallback falls over to the next url on 429 (shouldRetry)","status":"passed","title":"falls over to the next url on 429 (shouldRetry)","duration":2.5909000000000333,"failureMessages":[],"meta":{},"tags":[]},{"ancestorTitles":["BaseExecutor.execute — network error retry/fallback"],"fullName":"BaseExecutor.execute — network error retry/fallback maps network exception to 502 retry config","status":"passed","title":"maps network exception to 502 retry config","duration":4.168000000000006,"failureMessages":[],"meta":{},"tags":[]},{"ancestorTitles":["BaseExecutor.execute — network error retry/fallback"],"fullName":"BaseExecutor.execute — network error retry/fallback throws when the only url fails with network error and no retries left","status":"passed","title":"throws when the only url fails with network error and no retries left","duration":1.824700000000007,"failureMessages":[],"meta":{},"tags":[]},{"ancestorTitles":["BaseExecutor.execute — computeRetryDelay hook veto"],"fullName":"BaseExecutor.execute — computeRetryDelay hook veto only invokes computeRetryDelay when status has retry config","status":"passed","title":"only invokes computeRetryDelay when status has retry config","duration":2.1568999999999505,"failureMessages":[],"meta":{},"tags":[]},{"ancestorTitles":["BaseExecutor.execute — computeRetryDelay hook veto"],"fullName":"BaseExecutor.execute — computeRetryDelay hook veto hook returning false skips retry (uses fallback path)","status":"passed","title":"hook returning false skips retry (uses fallback path)","duration":1.8432999999999993,"failureMessages":[],"meta":{},"tags":[]}],"startTime":1786808901401,"endTime":1786808901483.8433,"status":"passed","message":"","name":"D:/MyProject/swicth-router/tests/unit/base-executor-retry.test.js"},{"assertionResults":[{"ancestorTitles":["PR #1175 - buildOutput filter detection"],"fullName":"PR #1175 - buildOutput filter detection detects npm install output","status":"passed","title":"detects npm install output","duration":3.865000000000009,"failureMessages":[],"meta":{},"tags":[]},{"ancestorTitles":["PR #1175 - buildOutput filter detection"],"fullName":"PR #1175 - buildOutput filter detection detects cargo build output (no longer misdetected as git-status)","status":"passed","title":"detects cargo build output (no longer misdetected as git-status)","duration":1.7829000000000406,"failureMessages":[],"meta":{},"tags":[]},{"ancestorTitles":["PR #1175 - buildOutput compression behavior"],"fullName":"PR #1175 - buildOutput compression behavior compresses npm install with deprecations","status":"passed","title":"compresses npm install with deprecations","duration":2.7346000000000004,"failureMessages":[],"meta":{},"tags":[]},{"ancestorTitles":["PR #1175 - buildOutput compression behavior"],"fullName":"PR #1175 - buildOutput compression behavior compresses cargo build output","status":"passed","title":"compresses cargo build output","duration":0.856200000000058,"failureMessages":[],"meta":{},"tags":[]},{"ancestorTitles":["PR #1175 - buildOutput compression behavior"],"fullName":"PR #1175 - buildOutput compression behavior keeps cargo errors verbatim","status":"passed","title":"keeps cargo errors verbatim","duration":0.6158000000000357,"failureMessages":[],"meta":{},"tags":[]},{"ancestorTitles":["PR #1175 - buildOutput compression behavior"],"fullName":"PR #1175 - buildOutput compression behavior keeps maven BUILD FAILED as error","status":"passed","title":"keeps maven BUILD FAILED as error","duration":0.47030000000006567,"failureMessages":[],"meta":{},"tags":[]},{"ancestorTitles":["PR #1175 - porcelain regex fix edge cases"],"fullName":"PR #1175 - porcelain regex fix edge cases git status --porcelain workdir-only (space first char) STILL detects as gitStatus (minimal fix preserved old regex)","status":"passed","title":"git status --porcelain workdir-only (space first char) STILL detects as gitStatus (minimal fix preserved old regex)","duration":0.5407000000000153,"failureMessages":[],"meta":{},"tags":[]},{"ancestorTitles":["PR #1175 - porcelain regex fix edge cases"],"fullName":"PR #1175 - porcelain regex fix edge cases git status --porcelain with staged (status code first char) still detects","status":"passed","title":"git status --porcelain with staged (status code first char) still detects","duration":0.32000000000005,"failureMessages":[],"meta":{},"tags":[]},{"ancestorTitles":["PR #1175 - porcelain regex fix edge cases"],"fullName":"PR #1175 - porcelain regex fix edge cases cargo Compiling lines NOT detected as git-status (porcelain false positive fix)","status":"passed","title":"cargo Compiling lines NOT detected as git-status (porcelain false positive fix)","duration":0.42880000000002383,"failureMessages":[],"meta":{},"tags":[]},{"ancestorTitles":["PR #1175 - porcelain regex fix edge cases"],"fullName":"PR #1175 - porcelain regex fix edge cases long-form git status with 'On branch' always detects","status":"passed","title":"long-form git status with 'On branch' always detects","duration":0.3854999999999791,"failureMessages":[],"meta":{},"tags":[]},{"ancestorTitles":["PR #1175 - false positive risks"],"fullName":"PR #1175 - false positive risks generic app log with 'ERROR:' triggers buildOutput (potential false positive)","status":"passed","title":"generic app log with 'ERROR:' triggers buildOutput (potential false positive)","duration":2.335299999999961,"failureMessages":[],"meta":{},"tags":[]},{"ancestorTitles":["PR #1175 - false positive risks"],"fullName":"PR #1175 - false positive risks generic 'Compiling templates' (non-build context) triggers buildOutput","status":"passed","title":"generic 'Compiling templates' (non-build context) triggers buildOutput","duration":1.1041999999999916,"failureMessages":[],"meta":{},"tags":[]},{"ancestorTitles":["PR #1175 - false positive risks"],"fullName":"PR #1175 - false positive risks plain text with no patterns falls through (no false positive)","status":"passed","title":"plain text with no patterns falls through (no false positive)","duration":0.6057000000000698,"failureMessages":[],"meta":{},"tags":[]},{"ancestorTitles":["PR #1175 - safety: no data corruption"],"fullName":"PR #1175 - safety: no data corruption empty input returns input","status":"passed","title":"empty input returns input","duration":0.26270000000010896,"failureMessages":[],"meta":{},"tags":[]},{"ancestorTitles":["PR #1175 - safety: no data corruption"],"fullName":"PR #1175 - safety: no data corruption input with only errors preserves all errors","status":"passed","title":"input with only errors preserves all errors","duration":0.31329999999991287,"failureMessages":[],"meta":{},"tags":[]},{"ancestorTitles":["PR #1175 - safety: no data corruption"],"fullName":"PR #1175 - safety: no data corruption input with no recognized patterns returns input (fallback)","status":"passed","title":"input with no recognized patterns returns input (fallback)","duration":0.25240000000007967,"failureMessages":[],"meta":{},"tags":[]},{"ancestorTitles":["PR #1175 - safety: no data corruption"],"fullName":"PR #1175 - safety: no data corruption limits warnings to 5 + summary line","status":"passed","title":"limits warnings to 5 + summary line","duration":0.40999999999996817,"failureMessages":[],"meta":{},"tags":[]}],"startTime":1786808904926,"endTime":1786808904945.41,"status":"passed","message":"","name":"D:/MyProject/swicth-router/tests/unit/buildOutputFilter.test.js"},{"assertionResults":[{"ancestorTitles":["PR #1175 - priority with overlapping patterns"],"fullName":"PR #1175 - priority with overlapping patterns git-diff wins over buildOutput when both present","status":"passed","title":"git-diff wins over buildOutput when both present","duration":5.269800000000032,"failureMessages":[],"meta":{},"tags":[]},{"ancestorTitles":["PR #1175 - priority with overlapping patterns"],"fullName":"PR #1175 - priority with overlapping patterns git-status (long form) wins over buildOutput","status":"passed","title":"git-status (long form) wins over buildOutput","duration":0.7878000000000611,"failureMessages":[],"meta":{},"tags":[]},{"ancestorTitles":["PR #1175 - DETECT_WINDOW boundary"],"fullName":"PR #1175 - DETECT_WINDOW boundary build pattern beyond DETECT_WINDOW chars: NOT detected","status":"passed","title":"build pattern beyond DETECT_WINDOW chars: NOT detected","duration":2.3963999999999714,"failureMessages":[],"meta":{},"tags":[]},{"ancestorTitles":["PR #1175 - DETECT_WINDOW boundary"],"fullName":"PR #1175 - DETECT_WINDOW boundary build pattern at very start: detected","status":"passed","title":"build pattern at very start: detected","duration":0.47129999999992833,"failureMessages":[],"meta":{},"tags":[]},{"ancestorTitles":["PR #1175 - line endings & whitespace"],"fullName":"PR #1175 - line endings & whitespace CRLF line endings still detect","status":"passed","title":"CRLF line endings still detect","duration":0.3407999999999447,"failureMessages":[],"meta":{},"tags":[]},{"ancestorTitles":["PR #1175 - line endings & whitespace"],"fullName":"PR #1175 - line endings & whitespace Tab-prefixed Compiling (real cargo output uses leading spaces, not tab)","status":"passed","title":"Tab-prefixed Compiling (real cargo output uses leading spaces, not tab)","duration":0.2962999999999738,"failureMessages":[],"meta":{},"tags":[]},{"ancestorTitles":["PR #1175 - line endings & whitespace"],"fullName":"PR #1175 - line endings & whitespace Compiling without leading spaces","status":"passed","title":"Compiling without leading spaces","duration":0.27710000000001855,"failureMessages":[],"meta":{},"tags":[]},{"ancestorTitles":["PR #1175 - adversarial: user code containing build strings"],"fullName":"PR #1175 - adversarial: user code containing build strings user JS code with console.log('npm warn ...') triggers buildOutput","status":"passed","title":"user JS code with console.log('npm warn ...') triggers buildOutput","duration":2.574799999999982,"failureMessages":[],"meta":{},"tags":[]},{"ancestorTitles":["PR #1175 - adversarial: user code containing build strings"],"fullName":"PR #1175 - adversarial: user code containing build strings file content with 'BUILD SUCCESS' on its own line triggers buildOutput","status":"passed","title":"file content with 'BUILD SUCCESS' on its own line triggers buildOutput","duration":2.495200000000068,"failureMessages":[],"meta":{},"tags":[]},{"ancestorTitles":["PR #1175 - adversarial: user code containing build strings"],"fullName":"PR #1175 - adversarial: user code containing build strings real cargo error spanning multiple lines preserves context","status":"passed","title":"real cargo error spanning multiple lines preserves context","duration":0.9313000000000784,"failureMessages":[],"meta":{},"tags":[]},{"ancestorTitles":["PR #1175 - corruption safety"],"fullName":"PR #1175 - corruption safety input with only progress lines (no errors/warnings/summary) returns input fallback","status":"passed","title":"input with only progress lines (no errors/warnings/summary) returns input fallback","duration":0.5066000000000486,"failureMessages":[],"meta":{},"tags":[]},{"ancestorTitles":["PR #1175 - corruption safety"],"fullName":"PR #1175 - corruption safety input with only Downloading lines","status":"passed","title":"input with only Downloading lines","duration":0.27290000000004966,"failureMessages":[],"meta":{},"tags":[]},{"ancestorTitles":["PR #1175 - corruption safety"],"fullName":"PR #1175 - corruption safety input with ONLY a single ERROR: line","status":"passed","title":"input with ONLY a single ERROR: line","duration":0.21310000000005402,"failureMessages":[],"meta":{},"tags":[]},{"ancestorTitles":["PR #1175 - corruption safety"],"fullName":"PR #1175 - corruption safety unicode/emoji in deprecation warning preserved (minimal fix keeps first 3 verbatim)","status":"passed","title":"unicode/emoji in deprecation warning preserved (minimal fix keeps first 3 verbatim)","duration":1.0049999999999955,"failureMessages":[],"meta":{},"tags":[]},{"ancestorTitles":["PR #1175 - corruption safety"],"fullName":"PR #1175 - corruption safety more than 3 deprecations: keep first 3 verbatim + count rest","status":"passed","title":"more than 3 deprecations: keep first 3 verbatim + count rest","duration":0.5817999999999302,"failureMessages":[],"meta":{},"tags":[]},{"ancestorTitles":["PR #1175 - corruption safety"],"fullName":"PR #1175 - corruption safety safeApply wraps buildOutput against panics","status":"passed","title":"safeApply wraps buildOutput against panics","duration":0.4127000000000862,"failureMessages":[],"meta":{},"tags":[]},{"ancestorTitles":["PR #1175 - integration with compressMessages"],"fullName":"PR #1175 - integration with compressMessages npm install output above MIN_COMPRESS_SIZE → compressed","status":"passed","title":"npm install output above MIN_COMPRESS_SIZE → compressed","duration":1.2256999999999607,"failureMessages":[],"meta":{},"tags":[]},{"ancestorTitles":["PR #1175 - integration with compressMessages"],"fullName":"PR #1175 - integration with compressMessages input below MIN_COMPRESS_SIZE → NOT compressed","status":"passed","title":"input below MIN_COMPRESS_SIZE → NOT compressed","duration":0.3150999999999158,"failureMessages":[],"meta":{},"tags":[]},{"ancestorTitles":["PR #1175 - integration with compressMessages"],"fullName":"PR #1175 - integration with compressMessages compressed output never grows input (safety guard)","status":"passed","title":"compressed output never grows input (safety guard)","duration":0.31389999999998963,"failureMessages":[],"meta":{},"tags":[]},{"ancestorTitles":["PR #1175 - integration with compressMessages"],"fullName":"PR #1175 - integration with compressMessages tool_result with is_error:true is NOT compressed (preserve error traces)","status":"passed","title":"tool_result with is_error:true is NOT compressed (preserve error traces)","duration":0.2686999999999671,"failureMessages":[],"meta":{},"tags":[]},{"ancestorTitles":["git-log priority"],"fullName":"git-log priority git-log chosen over build-output when commit header present in first window","status":"passed","title":"git-log chosen over build-output when commit header present in first window","duration":0.19890000000009422,"failureMessages":[],"meta":{},"tags":[]},{"ancestorTitles":["git-log priority"],"fullName":"git-log priority pure git diff still stays git-diff","status":"passed","title":"pure git diff still stays git-diff","duration":0.13009999999997035,"failureMessages":[],"meta":{},"tags":[]},{"ancestorTitles":["PR #1175 - porcelain regression deeper"],"fullName":"PR #1175 - porcelain regression deeper mixed staged + workdir + untracked porcelain → detected (has status code first char)","status":"passed","title":"mixed staged + workdir + untracked porcelain → detected (has status code first char)","duration":0.16440000000000055,"failureMessages":[],"meta":{},"tags":[]},{"ancestorTitles":["PR #1175 - porcelain regression deeper"],"fullName":"PR #1175 - porcelain regression deeper 100% workdir-only porcelain → STILL detects gitStatus (minimal fix preserved old regex)","status":"passed","title":"100% workdir-only porcelain → STILL detects gitStatus (minimal fix preserved old regex)","duration":0.13159999999993488,"failureMessages":[],"meta":{},"tags":[]},{"ancestorTitles":["PR #1175 - porcelain regression deeper"],"fullName":"PR #1175 - porcelain regression deeper manual gitStatus() call on workdir-only porcelain still parses correctly","status":"passed","title":"manual gitStatus() call on workdir-only porcelain still parses correctly","duration":0.6741000000000668,"failureMessages":[],"meta":{},"tags":[]},{"ancestorTitles":["PR #1175 - pathological"],"fullName":"PR #1175 - pathological very long single line (no newlines) with build pattern","status":"passed","title":"very long single line (no newlines) with build pattern","duration":0.25,"failureMessages":[],"meta":{},"tags":[]},{"ancestorTitles":["PR #1175 - pathological"],"fullName":"PR #1175 - pathological 10000 Compiling lines don't crash","status":"passed","title":"10000 Compiling lines don't crash","duration":20.35220000000004,"failureMessages":[],"meta":{},"tags":[]},{"ancestorTitles":["PR #1175 - pathological"],"fullName":"PR #1175 - pathological input with only newlines","status":"passed","title":"input with only newlines","duration":3.512100000000032,"failureMessages":[],"meta":{},"tags":[]},{"ancestorTitles":["PR #1175 - pathological"],"fullName":"PR #1175 - pathological null/undefined safety via safeApply","status":"passed","title":"null/undefined safety via safeApply","duration":2.7292999999999665,"failureMessages":[],"meta":{},"tags":[]}],"startTime":1786808902466,"endTime":1786808902516.7292,"status":"passed","message":"","name":"D:/MyProject/swicth-router/tests/unit/buildOutputFilterAdversarial.test.js"},{"assertionResults":[{"ancestorTitles":["planBulkAdd: auto-named gap-fill (the replace bug)"],"fullName":"planBulkAdd: auto-named g
[...]
 / encodeDataUri (docs 11 §4)"],"fullName":"parseDataUri / encodeDataUri (docs 11 §4) returns null for http urls and non-strings","status":"passed","title":"returns null for http urls and non-strings","duration":0.41819999999995616,"failureMessages":[],"meta":{},"tags":[]},{"ancestorTitles":["parseDataUri / encodeDataUri (docs 11 §4)"],"fullName":"parseDataUri / encodeDataUri (docs 11 §4) encode/parse roundtrip","status":"passed","title":"encode/parse roundtrip","duration":0.3828999999999496,"failureMessages":[],"meta":{},"tags":[]}],"startTime":1786808907174,"endTime":1786808907183.3828,"status":"passed","message":"","name":"D:/MyProject/swicth-router/tests/unit/translator-helpers-edge.test.js"},{"assertionResults":[{"ancestorTitles":["request normalization"],"fullName":"request normalization claudeToOpenAIRequest preserves multiple text blocks as OpenAI content parts","status":"passed","title":"claudeToOpenAIRequest preserves multiple text blocks as OpenAI content parts","duration":5.686899999999923,"failureMessages":[],"meta":{},"tags":[]},{"ancestorTitles":["request normalization"],"fullName":"request normalization claudeToOpenAIRequest preserves multimodal arrays","status":"passed","title":"claudeToOpenAIRequest preserves multimodal arrays","duration":0.7592999999999392,"failureMessages":[],"meta":{},"tags":[]},{"ancestorTitles":["request normalization"],"fullName":"request normalization filterToOpenAIFormat preserves multiple text parts","status":"passed","title":"filterToOpenAIFormat preserves multiple text parts","duration":1.2210999999999785,"failureMessages":[],"meta":{},"tags":[]},{"ancestorTitles":["request normalization"],"fullName":"request normalization translateRequest keeps /v1/messages Claude->OpenAI text payloads as content parts","status":"passed","title":"translateRequest keeps /v1/messages Claude->OpenAI text payloads as content parts","duration":5.6551999999999225,"failureMessages":[],"meta":{},"tags":[]},{"ancestorTitles":["request normalization"],"fullName":"request normalization translateRequest strips unsupported Anthropic output_config for MiniMax Claude-compatible endpoints","status":"passed","title":"translateRequest strips unsupported Anthropic output_config for MiniMax Claude-compatible endpoints","duration":5.699600000000146,"failureMessages":[],"meta":{},"tags":[]},{"ancestorTitles":["request normalization"],"fullName":"request normalization translateRequest preserves output_config for Anthropic Claude","status":"passed","title":"translateRequest preserves output_config for Anthropic Claude","duration":2.8426999999999225,"failureMessages":[],"meta":{},"tags":[]},{"ancestorTitles":["request normalization"],"fullName":"request normalization parseSSELine supports raw NDJSON stream lines when the provider format is Ollama","status":"passed","title":"parseSSELine supports raw NDJSON stream lines when the provider format is Ollama","duration":0.7890999999999622,"failureMessages":[],"meta":{},"tags":[]},{"ancestorTitles":["request normalization"],"fullName":"request normalization parseSSELine still supports SSE data lines","status":"passed","title":"parseSSELine still supports SSE data lines","duration":0.40800000000012915,"failureMessages":[],"meta":{},"tags":[]}],"startTime":1786808905410,"endTime":1786808905433.408,"status":"passed","message":"","name":"D:/MyProject/swicth-router/tests/unit/translator-request-normalization.test.js"},{"assertionResults":[{"ancestorTitles":["toOpenAIUsage"],"fullName":"toOpenAIUsage claude: folds cache read+create into prompt, exposes details","status":"passed","title":"claude: folds cache read+create into prompt, exposes details","duration":3.7396999999999707,"failureMessages":[],"meta":{},"tags":[]},{"ancestorTitles":["toOpenAIUsage"],"fullName":"toOpenAIUsage claude: no cache -> no prompt_tokens_details","status":"passed","title":"claude: no cache -> no prompt_tokens_details","duration":0.5223999999999478,"failureMessages":[],"meta":{},"tags":[]},{"ancestorTitles":["toOpenAIUsage"],"fullName":"toOpenAIUsage gemini: full fields, completion = candidates + thoughts","status":"passed","title":"gemini: full fields, completion = candidates + thoughts","duration":0.6085999999999103,"failureMessages":[],"meta":{},"tags":[]},{"ancestorTitles":["toOpenAIUsage"],"fullName":"toOpenAIUsage gemini fallback: candidates=0 -> derive from total - prompt - thoughts","status":"passed","title":"gemini fallback: candidates=0 -> derive from total - prompt - thoughts","duration":0.3265999999999849,"failureMessages":[],"meta":{},"tags":[]},{"ancestorTitles":["toOpenAIUsage"],"fullName":"toOpenAIUsage ollama: prompt_eval_count/eval_count","status":"passed","title":"ollama: prompt_eval_count/eval_count","duration":0.6783000000000357,"failureMessages":[],"meta":{},"tags":[]},{"ancestorTitles":["toOpenAIUsage"],"fullName":"toOpenAIUsage commandcode: keeps totalTokens fallback","status":"passed","title":"commandcode: keeps totalTokens fallback","duration":0.4741999999999962,"failureMessages":[],"meta":{},"tags":[]},{"ancestorTitles":["toOpenAIUsage"],"fullName":"toOpenAIUsage unknown kind / null raw -> null","status":"passed","title":"unknown kind / null raw -> null","duration":0.37639999999998963,"failureMessages":[],"meta":{},"tags":[]}],"startTime":1786808907652,"endTime":1786808907659.474,"status":"passed","message":"","name":"D:/MyProject/swicth-router/tests/unit/usage-concern.test.js"},{"assertionResults":[{"ancestorTitles":["usage dispatch"],"fullName":"usage dispatch unsupported provider → not-implemented message","status":"passed","title":"unsupported provider → not-implemented message","duration":838.3153,"failureMessages":[],"meta":{},"tags":[]},{"ancestorTitles":["usage dispatch"],"fullName":"usage dispatch every supported provider routes to its handler (no fallback message)","status":"passed","title":"every supported provider routes to its handler (no fallback message)","duration":9.644399999999905,"failureMessages":[],"meta":{},"tags":[]}],"startTime":1786808898437,"endTime":1786808899285.6443,"status":"passed","message":"","name":"D:/MyProject/swicth-router/tests/unit/usage-dispatch.test.js"},{"assertionResults":[{"ancestorTitles":["usage performance paths"],"fullName":"usage performance paths uses precise daily lastUsed and cursor-based request logs","status":"passed","title":"uses precise daily lastUsed and cursor-based request logs","duration":21.731700000000046,"failureMessages":[],"meta":{},"tags":[]}],"startTime":1786808900725,"endTime":1786808900746.7317,"status":"passed","message":"","name":"D:/MyProject/swicth-router/tests/unit/usage-performance.test.js"},{"assertionResults":[{"ancestorTitles":["Vilao models / test meta contract"],"fullName":"Vilao models / test meta contract normalizeVilaoBaseUrl keeps default and strips chat path","status":"passed","title":"normalizeVilaoBaseUrl keeps default and strips chat path","duration":11.685600000000022,"failureMessages":[],"meta":{},"tags":[]},{"ancestorTitles":["Vilao models / test meta contract"],"fullName":"Vilao models / test meta contract maps 402 to keyValid + walletEmpty without throwing","status":"passed","title":"maps 402 to keyValid + walletEmpty without throwing","duration":2.5037000000000376,"failureMessages":[],"meta":{},"tags":[]}],"startTime":1786808905246,"endTime":1786808905260.5037,"status":"passed","message":"","name":"D:/MyProject/swicth-router/tests/unit/vilao-models-meta.test.js"},{"assertionResults":[{"ancestorTitles":["ViLao usage / Quota Tracker (pay-as-you-go balance)"],"fullName":"ViLao usage / Quota Tracker (pay-as-you-go balance) is registered for Quota Tracker lists","status":"passed","title":"is registered for Quota Tracker lists","duration":5.170700000000011,"failureMessages":[],"meta":{},"tags":[]},{"ancestorTitles":["ViLao usage / Quota Tracker (pay-as-you-go balance)"],"fullName":"ViLao usage / Quota Tracker (pay-as-you-go balance) reads GET /v1/usage/balance into a clean 3-row shape","status":"passed","title":"reads GET /v1/usage/balance into a clean 3-row shape","duration":37.75699999999995,"failureMessages":[],"meta":{},"tags":[]},{"ancestorTitles":["ViLao usage / Quota Tracker (pay-as-you-go balance)"],"fullName":"ViLao usage / Quota Tracker (pay-as-you-go balance) maps HTTP 402 on balance to empty wallet message","status":"passed","title":"maps HTTP 402 on balance to empty wallet message","duration":0.9533999999999878,"failureMessages":[],"meta":{},"tags":[]},{"ancestorTitles":["ViLao usage / Quota Tracker (pay-as-you-go balance)"],"fullName":"ViLao usage / Quota Tracker (pay-as-you-go balance) parseQuotaData keeps one money row with displayValue","status":"passed","title":"parseQuotaData keeps one money row with displayValue","duration":2.653599999999983,"failureMessages":[],"meta":{},"tags":[]}],"startTime":1786808902958,"endTime":1786808903004.6536,"status":"passed","message":"","name":"D:/MyProject/swicth-router/tests/unit/vilao-usage.test.js"},{"assertionResults":[{"ancestorTitles":["xai/oauth service"],"fullName":"xai/oauth service validates discovered endpoints are https x.ai URLs","status":"passed","title":"validates discovered endpoints are https x.ai URLs","duration":898.3717,"failureMessages":[],"meta":{},"tags":[]},{"ancestorTitles":["xai/oauth service"],"fullName":"xai/oauth service discovers endpoints without custom user-agent headers","status":"passed","title":"discovers endpoints without custom user-agent headers","duration":18.023799999999937,"failureMessages":[],"meta":{},"tags":[]},{"ancestorTitles":["xai/oauth service"],"fullName":"xai/oauth service builds authorize URLs with CLIProxyAPI query extras","status":"passed","title":"builds authorize URLs with CLIProxyAPI query extras","duration":18.103600000000142,"failureMessages":[],"meta":{},"tags":[]},{"ancestorTitles":["xai/oauth service"],"fullName":"xai/oauth service generates dashboard auth data with CLIProxyAPI PKCE size and discovered endpoints","status":"passed","title":"generates dashboard auth data with CLIProxyAPI PKCE size and discovered endpoints","duration":2921.3070999999995,"failureMessages":[],"meta":{},"tags":[]},{"ancestorTitles":["xai/oauth service"],"fullName":"xai/oauth service exchanges dashboard codes against the discovered xAI token endpoint","status":"passed","title":"exchanges dashboard codes against the discovered xAI token endpoint","duration":92.21969999999965,"failureMessages":[],"meta":{},"tags":[]}],"startTime":1786808898300,"endTime":1786808902248.2197,"status":"passed","message":"","name":"D:/MyProject/swicth-router/tests/unit/xai-oauth-service.test.js"},{"assertionResults":[{"ancestorTitles":["xai/token-refresh wrapper"],"fullName":"xai/token-refresh wrapper refreshXaiToken module loads without throwing","status":"passed","title":"refreshXaiToken module loads without throwing","duration":296.02330000000006,"failureMessages":[],"meta":{},"tags":[]},{"ancestorTitles":["xai/token-refresh wrapper"],"fullName":"xai/token-refresh wrapper formatProviderCredentials returns Bearer-shape for xai","status":"passed","title":"formatProviderCredentials returns Bearer-shape for xai","duration":1.7553000000000338,"failureMessages":[],"meta":{},"tags":[]},{"ancestorTitles":["xai/token-refresh wrapper"],"fullName":"xai/token-refresh wrapper refreshTokenByProvider returns null when refreshToken missing","status":"passed","title":"refreshTokenByProvider returns null when refreshToken missing","duration":0.6570000000000391,"failureMessages":[],"meta":{},"tags":[]},{"ancestorTitles":["xai/token-refresh wrapper"],"fullName":"xai/token-refresh wrapper refreshTokenByProvider returns expiresIn for refreshed xai tokens","status":"passed","title":"refreshTokenByProvider returns expiresIn for refreshed xai tokens","duration":22.3981,"failureMessages":[],"meta":{},"tags":[]}],"startTime":1786808900421,"endTime":1786808900742.3982,"status":"passed","message":"","name":"D:/MyProject/swicth-router/tests/unit/xai-tokenRefresh.test.js"},{"assertionResults":[{"ancestorTitles":["REAL all-formats matrix"],"fullName":"REAL all-formats matrix has active providers in DB","status":"skipped","title":"has active providers in DB","failureMessages":[],"meta":{},"tags":[]}],"startTime":1786808897663,"endTime":1786808897663,"status":"passed","message":"","name":"D:/MyProject/swicth-router/tests/translator/real/all-formats.real.test.js"},{"assertionResults":[{"ancestorTitles":["antigravity models — real"],"fullName":"antigravity models — real ag/gemini-3.7-flash-high: simple prompt","status":"skipped","title":"ag/gemini-3.7-flash-high: simple prompt","failureMessages":[],"meta":{},"tags":[]},{"ancestorTitles":["antigravity models — real"],"fullName":"antigravity models — real ag/gemini-3.7-flash-high: tool call with optional field in schema","status":"skipped","title":"ag/gemini-3.7-flash-high: tool call with optional field in schema","failureMessages":[],"meta":{},"tags":[]},{"ancestorTitles":["antigravity models — real"],"fullName":"antigravity models — real ag/gemini-3.7-flash-medium: simple prompt","status":"skipped","title":"ag/gemini-3.7-flash-medium: simple prompt","failureMessages":[],"meta":{},"tags":[]},{"ancestorTitles":["antigravity models — real"],"fullName":"antigravity models — real ag/gemini-3.7-flash-medium: tool call with optional field in schema","status":"skipped","title":"ag/gemini-3.7-flash-medium: tool call with optional field in schema","failureMessages":[],"meta":{},"tags":[]},{"ancestorTitles":["antigravity models — real"],"fullName":"antigravity models — real ag/gemini-3.7-flash-low: simple prompt","status":"skipped","title":"ag/gemini-3.7-flash-low: simple prompt","failureMessages":[],"meta":{},"tags":[]},{"ancestorTitles":["antigravity models — real"],"fullName":"antigravity models — real ag/gemini-3.7-flash-low: tool call with optional field in schema","status":"skipped","title":"ag/gemini-3.7-flash-low: tool call with optional field in schema","failureMessages":[],"meta":{},"tags":[]},{"ancestorTitles":["antigravity models — real"],"fullName":"antigravity models — real ag/gemini-pro-agent: simple prompt","status":"skipped","title":"ag/gemini-pro-agent: simple prompt","failureMessages":[],"meta":{},"tags":[]},{"ancestorTitles":["antigravity models — real"],"fullName":"antigravity models — real ag/gemini-pro-agent: tool call with optional field in schema","status":"skipped","title":"ag/gemini-pro-agent: tool call with optional field in schema","failureMessages":[],"meta":{},"tags":[]},{"ancestorTitles":["antigravity models — real"],"fullName":"antigravity models — real ag/gemini-3.1-pro-high: simple prompt","status":"skipped","title":"ag/gemini-3.1-pro-high: simple prompt","failureMessages":[],"meta":{},"tags":[]},{"ancestorTitles":["antigravity models — real"],"fullName":"antigravity models — real ag/gemini-3.1-pro-high: tool call with optional field in schema","status":"skipped","title":"ag/gemini-3.1-pro-high: tool call with optional field in schema","failureMessages":[],"meta":{},"tags":[]},{"ancestorTitles":["antigravity models — real"],"fullName":"antigravity models — real ag/gemini-3.1-pro-low: simple prompt","status":"skipped","title":"ag/gemini-3.1-pro-low: simple prompt","failureMessages":[],"meta":{},"tags":[]},{"ancestorTitles":["antigravity models — real"],"fullName":"antigravity models — real ag/gemini-3.1-pro-low: tool call with optional field in schema","status":"skipped","title":"ag/gemini-3.1-pro-low: tool call with optional field in schema","failureMessages":[],"meta":{},"tags":[]},{"ancestorTitles":["antigravity models — real"],"fullName":"antigravity models — real ag/claude-sonnet-4-6: simple prompt","status":"skipped","title":"ag/claude-sonnet-4-6: simple prompt","failureMessages":[],"meta":{},"tags":[]},{"ancestorTitles":["antigravity models — real"],"fullName":"antigravity models — real ag/claude-sonnet-4-6: tool call with optional field in schema","status":"skipped","title":"ag/claude-sonnet-4-6: tool call with optional field in schema","failureMessages":[],"meta":{},"tags":[]},{"ancestorTitles":["antigravity models — real"],"fullName":"antigravity models — real ag/claude-opus-4-6-thinking: simple prompt","status":"skipped","title":"ag/claude-opus-4-6-thinking: simple prompt","failureMessages":[],"meta":{},"tags":[]},{"ancestorTitles":["antigravity models — real"],"fullName":"antigravity models — real ag/claude-opus-4-6-thinking: tool call with optional field in schema","status":"skipped","title":"ag/claude-opus-4-6-thinking: tool call with optional field in schema","failureMessages":[],"meta":{},"tags":[]},{"ancestorTitles":["antigravity models — real"],"fullName":"antigravity models — real ag/gpt-oss-120b-medium: simple prompt","status":"skipped","title":"ag/gpt-oss-120b-medium: simple prompt","failureMessages":[],"meta":{},"tags":[]},{"ancestorTitles":["antigravity models — real"],"fullName":"antigravity models — real ag/gpt-oss-120b-medium: tool call with optional field in schema","status":"skipped","title":"ag/gpt-oss-120b-medium: tool call with optional field in schema","failureMessages":[],"meta":{},"tags":[]}],"startTime":1786808897663,"endTime":1786808897663,"status":"passed","message":"","name":"D:/MyProject/swicth-router/tests/translator/real/antigravity-models.real.test.js"},{"assertionResults":[{"ancestorTitles":["REAL file base64 survey"],"fullName":"REAL file base64 survey has active providers in DB","status":"skipped","title":"has active providers in DB","failureMessages":[],"meta":{},"tags":[]}],"startTime":1786808897663,"endTime":1786808897663,"status":"passed","message":"","name":"D:/MyProject/swicth-router/tests/translator/real/file-base64-survey.real.test.js"},{"assertionResults":[{"ancestorTitles":["REAL provider behavior cases"],"fullName":"REAL provider behavior cases gemini: finish_reason stop","status":"skipped","title":"gemini: finish_reason stop","failureMessages":[],"meta":{},"tags":[]},{"ancestorTitles":["REAL provider behavior cases"],"fullName":"REAL provider behavior cases ollama: max_tokens -> length","status":"skipped","title":"ollama: max_tokens -> length","failureMessages":[],"meta":{},"tags":[]},{"ancestorTitles":["REAL provider behavior cases"],"fullName":"REAL provider behavior cases codex: session stickiness (cached_tokens on 2nd turn)","status":"skipped","title":"codex: session stickiness (cached_tokens on 2nd turn)","failureMessages":[],"meta":{},"tags":[]},{"ancestorTitles":["REAL provider behavior cases"],"fullName":"REAL provider behavior cases antigravity: responds OK","status":"skipped","title":"antigravity: responds OK","failureMessages":[],"meta":{},"tags":[]}],"startTime":1786808897663,"endTime":1786808897663,"status":"passed","message":"","name":"D:/MyProject/swicth-router/tests/translator/real/provider-cases.real.test.js"},{"assertionResults":[{"ancestorTitles":["REAL provider smoke"],"fullName":"REAL provider smoke has active providers in DB","status":"skipped","title":"has active providers in DB","failureMessages":[],"meta":{},"tags":[]}],"startTime":1786808897663,"endTime":1786808897663,"status":"passed","message":"","name":"D:/MyProject/swicth-router/tests/translator/real/smoke-providers.real.test.js"},{"assertionResults":[{"ancestorTitles":["REAL thinking normalization"],"fullName":"REAL thinking normalization has active providers in DB","status":"skipped","title":"has active providers in DB","failureMessages":[],"meta":{},"tags":[]}],"startTime":1786808897663,"endTime":1786808897663,"status":"passed","message":"","name":"D:/MyProject/swicth-router/tests/translator/real/thinking.real.test.js"},{"assertionResults":[{"ancestorTitles":["REAL vision capability survey"],"fullName":"REAL vision capability survey has active providers in DB","status":"skipped","title":"has active providers in DB","failureMessages":[],"meta":{},"tags":[]}],"startTime":1786808897663,"endTime":1786808897663,"status":"passed","message":"","name":"D:/MyProject/swicth-router/tests/translator/real/vision-capability-survey.real.test.js"}]}
